<?xml version="1.0" encoding="UTF-8"?>
<!-- Generated by org.testng.reporters.JUnitReportReporter -->
<testsuite hostname="smart" name="new_Work.Events" tests="1" failures="0" timestamp="18 Oct 2016 17:36:51 GMT" time="33.631" errors="0">
  <testcase name="testMagadh" time="33.631" classname="new_Work.Events"/>
</testsuite> <!-- new_Work.Events -->
