<?xml version="1.0" encoding="UTF-8"?>
<!-- Generated by org.testng.reporters.JUnitReportReporter -->
<testsuite hostname="smart" name="new_Work.validationNews_Feed" tests="1" failures="0" timestamp="18 Oct 2016 17:12:53 GMT" time="84.717" errors="0">
  <testcase name="testMagadh" time="84.717" classname="new_Work.validationNews_Feed"/>
</testsuite> <!-- new_Work.validationNews_Feed -->
