<?xml version="1.0" encoding="UTF-8"?>
<!-- Generated by org.testng.reporters.JUnitReportReporter -->
<testsuite hostname="smart" name="new_Work.validation_Event" tests="1" failures="0" timestamp="18 Oct 2016 17:31:00 GMT" time="117.254" errors="0">
  <testcase name="testMagadh" time="117.254" classname="new_Work.validation_Event"/>
</testsuite> <!-- new_Work.validation_Event -->
