<?xml version="1.0" encoding="UTF-8"?>
<!-- Generated by org.testng.reporters.JUnitReportReporter -->
<testsuite hostname="smart" name="new_Work.dummy1" tests="1" failures="0" timestamp="18 Oct 2016 16:21:19 GMT" time="27.430" errors="0">
  <testcase name="testMagadh" time="27.430" classname="new_Work.dummy1"/>
</testsuite> <!-- new_Work.dummy1 -->
