<?xml version="1.0" encoding="UTF-8"?>
<!-- Generated by org.testng.reporters.JUnitReportReporter -->
<testsuite hostname="smart" name="new_Work.validation_Project" tests="1" failures="0" timestamp="18 Oct 2016 18:49:04 GMT" time="43.730" errors="0">
  <testcase name="testMagadh" time="43.730" classname="new_Work.validation_Project"/>
</testsuite> <!-- new_Work.validation_Project -->
