<?xml version="1.0" encoding="UTF-8"?>
<!-- Generated by org.testng.reporters.JUnitReportReporter -->
<testsuite hostname="smart" name="new_Work.Magadhpar_Test" tests="1" failures="0" timestamp="18 Oct 2016 17:06:58 GMT" time="202.595" errors="0">
  <testcase name="testMagadh" time="202.595" classname="new_Work.Magadhpar_Test"/>
</testsuite> <!-- new_Work.Magadhpar_Test -->
