<?xml version="1.0" encoding="UTF-8"?>
<!-- Generated by org.testng.reporters.JUnitReportReporter -->
<testsuite hostname="smart" name="new_Work.add_Project" tests="1" failures="0" timestamp="18 Oct 2016 18:46:49 GMT" time="79.391" errors="0">
  <testcase name="testMagadh" time="79.391" classname="new_Work.add_Project"/>
</testsuite> <!-- new_Work.add_Project -->
